<?xml version="1.0" encoding="UTF-8"?>
<!-- Generated by org.testng.reporters.JUnitReportReporter -->
<testsuite hostname="Moses" failures="0" tests="1" name="TestNG_Script.Flipkart_Runner" time="49.565" errors="0" timestamp="2024-03-07T09:45:07 IST" skipped="0">
  <testcase classname="TestNG_Script.Flipkart_Runner" name="Flipkart_AddCart" time="49.565"/>
  <system-out/>
</testsuite> <!-- TestNG_Script.Flipkart_Runner -->
