<?xml version="1.0" encoding="UTF-8"?>
<!-- Generated by org.testng.reporters.JUnitReportReporter -->
<testsuite hostname="Moses" failures="0" tests="1" name="TestNG_Script.GroupTestng1" time="0.037" errors="0" timestamp="2024-03-05T10:48:31 IST" skipped="0">
  <testcase classname="TestNG_Script.GroupTestng1" name="test1" time="0.037"/>
  <system-out/>
</testsuite> <!-- TestNG_Script.GroupTestng1 -->
