<?xml version="1.0" encoding="UTF-8"?>
<!-- Generated by org.testng.reporters.JUnitReportReporter -->
<testsuite hostname="Moses" failures="0" tests="6" name="TestNG_Script.Demo3" time="0.188" errors="0" timestamp="2024-02-23T10:44:22 IST" skipped="0">
  <testcase classname="TestNG_Script.Demo3" name="test2" time="0.044"/>
  <system-out>
    <![CDATA[India]]>
  </system-out>
  <testcase classname="TestNG_Script.Demo3" name="test1" time="0.058"/>
  <system-out>
    <![CDATA[Asia]]>
  </system-out>
  <testcase classname="TestNG_Script.Demo3" name="test1" time="0.017"/>
  <system-out>
    <![CDATA[Asia]]>
  </system-out>
  <testcase classname="TestNG_Script.Demo3" name="test1" time="0.026"/>
  <system-out>
    <![CDATA[Asia]]>
  </system-out>
  <testcase classname="TestNG_Script.Demo3" name="test1" time="0.011"/>
  <system-out>
    <![CDATA[Asia]]>
  </system-out>
  <testcase classname="TestNG_Script.Demo3" name="test1" time="0.032"/>
  <system-out>
    <![CDATA[Asia]]>
  </system-out>
</testsuite> <!-- TestNG_Script.Demo3 -->
