<?xml version="1.0" encoding="UTF-8"?>
<!-- Generated by org.testng.reporters.JUnitReportReporter -->
<testsuite hostname="Moses" failures="0" tests="2" name="TestNG_Script.GroupTestng2" time="0.040" errors="0" timestamp="2024-03-06T10:14:21 IST" skipped="0">
  <testcase classname="TestNG_Script.GroupTestng2" name="test3" time="0.008"/>
  <system-out/>
  <testcase classname="TestNG_Script.GroupTestng2" name="test2" time="0.032"/>
  <system-out/>
</testsuite> <!-- TestNG_Script.GroupTestng2 -->
