<?xml version="1.0" encoding="UTF-8"?>
<!-- Generated by org.testng.reporters.JUnitReportReporter -->
<testsuite hostname="Moses" failures="0" tests="2" name="TestNG_Script.Demo4" time="0.025" errors="0" timestamp="2024-02-23T10:44:22 IST" skipped="1">
  <testcase classname="TestNG_Script.Demo4" name="test2" time="0.025"/>
  <system-out>
    <![CDATA[India]]>
  </system-out>
  <testcase classname="TestNG_Script.Demo4" name="test1">
    <skipped/>
  </testcase> <!-- test1 -->
  <system-out/>
</testsuite> <!-- TestNG_Script.Demo4 -->
