<?xml version="1.0" encoding="UTF-8"?>
<!-- Generated by org.testng.reporters.JUnitReportReporter -->
<testsuite hostname="Moses" failures="0" tests="1" name="TestNG_Script.Runner1" time="17.718" errors="0" timestamp="2024-02-26T10:01:03 IST" skipped="0">
  <testcase classname="TestNG_Script.Runner1" name="ValidLogin" time="17.718"/>
  <system-out/>
</testsuite> <!-- TestNG_Script.Runner1 -->
