<?xml version="1.0" encoding="UTF-8"?>
<!-- Generated by org.testng.reporters.JUnitReportReporter -->
<testsuite hostname="Moses" failures="0" tests="1" name="TestNG_Script.Amazon_ODDImageAndEvenLink" time="26.174" errors="0" timestamp="2024-02-24T21:49:52 IST" skipped="0">
  <testcase classname="TestNG_Script.Amazon_ODDImageAndEvenLink" name="login" time="26.174"/>
  <system-out/>
</testsuite> <!-- TestNG_Script.Amazon_ODDImageAndEvenLink -->
