<?xml version="1.0" encoding="UTF-8"?>
<!-- Generated by org.testng.reporters.JUnitReportReporter -->
<testsuite hostname="Moses" failures="0" tests="1" name="TestNG_Script.FaceBook_Treeset_Asc_Dsc" time="18.472" errors="0" timestamp="2024-02-24T10:41:52 IST" skipped="0">
  <testcase classname="TestNG_Script.FaceBook_Treeset_Asc_Dsc" name="login" time="18.472"/>
  <system-out/>
</testsuite> <!-- TestNG_Script.FaceBook_Treeset_Asc_Dsc -->
