<?xml version="1.0" encoding="UTF-8"?>
<!-- Generated by org.testng.reporters.JUnitReportReporter -->
<testsuite hostname="Moses" failures="0" tests="3" name="TestNG_Script.DataProvExample" time="0.105" errors="0" timestamp="2024-03-05T10:33:24 IST" skipped="0">
  <testcase classname="TestNG_Script.DataProvExample" name="loginTest" time="0.065"/>
  <system-out/>
  <testcase classname="TestNG_Script.DataProvExample" name="loginTest" time="0.012"/>
  <system-out/>
  <testcase classname="TestNG_Script.DataProvExample" name="loginTest" time="0.028"/>
  <system-out/>
</testsuite> <!-- TestNG_Script.DataProvExample -->
