<?xml version="1.0" encoding="UTF-8"?>
<!-- Generated by org.testng.reporters.JUnitReportReporter -->
<testsuite hostname="Moses" failures="0" tests="1" name="TestNG_Script.instagram_logi" time="19.680" errors="0" timestamp="2024-02-23T09:24:38 IST" skipped="0">
  <testcase classname="TestNG_Script.instagram_logi" name="login" time="19.680"/>
  <system-out/>
</testsuite> <!-- TestNG_Script.instagram_logi -->
